<?xml version="1.0" encoding="UTF-8"?>
<!-- Generated by org.testng.reporters.JUnitReportReporter -->
<testsuite skipped="0" hostname="HYD-02-020" name="NewTest" tests="2" failures="0" timestamp="30 Apr 2020 10:50:38 GMT" time="77.245" errors="0">
  <testcase name="transactionSignin" time="49.780" classname="NewTest"/>
  <testcase name="createLogin" time="27.465" classname="NewTest"/>
</testsuite> <!-- NewTest -->
